{
  "RSpec": {
    "coverage": {
      "/home/ubuntu/workspace/learn/app/models/user.rb": [
        1,
        null,
        null,
        1,
        null,
        null
      ],
      "/home/ubuntu/workspace/learn/app/models/application_record.rb": [
        1,
        1,
        null
      ],
      "/home/ubuntu/workspace/learn/app/helpers/application_helper.rb": [
        1,
        null
      ],
      "/home/ubuntu/workspace/learn/app/jobs/application_job.rb": [
        0,
        0
      ],
      "/home/ubuntu/workspace/learn/app/controllers/home_controller.rb": [
        0,
        0,
        0,
        0
      ],
      "/home/ubuntu/workspace/learn/app/controllers/users_controller.rb": [
        0,
        0,
        null,
        null,
        null,
        null,
        null,
        null,
        null,
        0,
        null,
        0,
        0,
        null,
        null,
        0,
        null,
        0,
        null,
        0,
        null,
        null,
        null,
        0,
        null,
        0,
        0,
        null,
        0,
        0,
        0,
        0,
        0,
        0,
        0
      ],
      "/home/ubuntu/workspace/learn/app/controllers/application_controller.rb": [
        0,
        0,
        0,
        0,
        null,
        0,
        0,
        0,
        0,
        0,
        0,
        null,
        0,
        0,
        0,
        null,
        0,
        0,
        0,
        0
      ]
    },
    "timestamp": 1503951872
  }
}
